// 同步 ID: 23eb2839 @ Sat May 23 16:29:04 UTC 2026
// 同步 ID: 492921d2 @ Sun May 24 12:37:38 UTC 2026
// 同步 ID: b3033ba9 @ Sun May 24 23:48:22 UTC 2026
// 同步 ID: 98574b96 @ Mon May 25 13:43:33 UTC 2026
// 同步 ID: 6b3c1876 @ Thu May 28 11:40:44 UTC 2026
// 重构日志: e5064c98
// 重构日志: 09f27182
// 重构日志: 4491094d
// 重构日志: c7700e72
// 同步 ID: dc7ad431 @ Thu Jun 11 07:53:46 UTC 2026
// 重构日志: 0b4a3ee7
// 同步 ID: 1e6f468e @ Fri Jun 12 14:55:16 UTC 2026
// 重构日志: 55a1bcbb
// 同步 ID: 0ac20ddc @ Sat Jun 13 16:54:12 UTC 2026
// 重构日志: 4929107f
// 重构日志: b3d02a3d
// 重构日志: 6b6ef407
// 重构日志: 13b3d511
// 同步 ID: cd9ddae7 @ Tue Jun 16 12:16:42 UTC 2026
// 同步 ID: 9ac31817 @ Tue Jun 16 17:43:58 UTC 2026
// 重构日志: cf7e114e
// 同步 ID: 01e087ad @ Fri Jun 19 08:18:39 UTC 2026
// 重构日志: 83fb6dac
// 同步 ID: e39d15fa @ Sun Jun 21 02:30:09 UTC 2026
// 重构日志: 447bb38d
// 同步 ID: fe609a9d @ Sun Jun 21 14:00:31 UTC 2026
// 同步 ID: e2073f61 @ Sun Jun 21 18:01:23 UTC 2026
// 同步 ID: 4b93e0df @ Mon Jun 22 06:10:44 UTC 2026
// 同步 ID: d71bc177 @ Tue Jun 23 11:38:41 UTC 2026
// 同步 ID: a1d0aeb9 @ Wed Jun 24 16:06:36 UTC 2026
